Flow report for onur
Thu Mar 21 15:05:00 2019
Quartus II 32-bit Version 13.0.1 Build 232 06/12/2013 Service Pack 1 SJ Web Edition


---------------------
; Table of Contents ;
---------------------
  1. Legal Notice
  2. Flow Summary
  3. Flow Settings
  4. Flow Non-Default Global Settings
  5. Flow Elapsed Time
  6. Flow OS Summary
  7. Flow Log
  8. Flow Messages
  9. Flow Suppressed Messages



----------------
; Legal Notice ;
----------------
Copyright (C) 1991-2013 Altera Corporation
Your use of Altera Corporation's design tools, logic functions 
and other software and tools, and its AMPP partner logic 
functions, and any output files from any of the foregoing 
(including device programming or simulation files), and any 
associated documentation or information are expressly subject 
to the terms and conditions of the Altera Program License 
Subscription Agreement, Altera MegaCore Function License 
Agreement, or other applicable license agreement, including, 
without limitation, that your use is for the sole purpose of 
programming logic devices manufactured by Altera and sold by 
Altera or its authorized distributors.  Please refer to the 
applicable agreement for further details.



+--------------------------------------------------------------------------------------+
; Flow Summary                                                                         ;
+------------------------------------+-------------------------------------------------+
; Flow Status                        ; Successful - Thu Mar 21 15:04:55 2019           ;
; Quartus II 32-bit Version          ; 13.0.1 Build 232 06/12/2013 SP 1 SJ Web Edition ;
; Revision Name                      ; onur                                            ;
; Top-level Entity Name              ; onur                                            ;
; Family                             ; Cyclone III                                     ;
; Device                             ; EP3C16F484C6                                    ;
; Timing Models                      ; Final                                           ;
; Total logic elements               ; 36 / 15,408 ( < 1 % )                           ;
;     Total combinational functions  ; 36 / 15,408 ( < 1 % )                           ;
;     Dedicated logic registers      ; 16 / 15,408 ( < 1 % )                           ;
; Total registers                    ; 16                                              ;
; Total pins                         ; 15 / 347 ( 4 % )                                ;
; Total virtual pins                 ; 0                                               ;
; Total memory bits                  ; 0 / 516,096 ( 0 % )                             ;
; Embedded Multiplier 9-bit elements ; 0 / 112 ( 0 % )                                 ;
; Total PLLs                         ; 0 / 4 ( 0 % )                                   ;
+------------------------------------+-------------------------------------------------+


+-----------------------------------------+
; Flow Settings                           ;
+-------------------+---------------------+
; Option            ; Setting             ;
+-------------------+---------------------+
; Start date & time ; 03/21/2019 15:04:43 ;
; Main task         ; Compilation         ;
; Revision Name     ; onur                ;
+-------------------+---------------------+


+-----------------------------------------------------------------------------------------------------------------+
; Flow Non-Default Global Settings                                                                                ;
+-------------------------------------+--------------------------------+---------------+-------------+------------+
; Assignment Name                     ; Value                          ; Default Value ; Entity Name ; Section Id ;
+-------------------------------------+--------------------------------+---------------+-------------+------------+
; COMPILER_SIGNATURE_ID               ; 57606938445021.155316988307520 ; --            ; --          ; --         ;
; IP_TOOL_NAME                        ; LPM_COUNTER                    ; --            ; --          ; --         ;
; IP_TOOL_NAME                        ; LPM_DECODE                     ; --            ; --          ; --         ;
; IP_TOOL_NAME                        ; LPM_MUX                        ; --            ; --          ; --         ;
; IP_TOOL_NAME                        ; LPM_MUX                        ; --            ; --          ; --         ;
; IP_TOOL_NAME                        ; LPM_MUX                        ; --            ; --          ; --         ;
; IP_TOOL_VERSION                     ; 13.0                           ; --            ; --          ; --         ;
; IP_TOOL_VERSION                     ; 13.0                           ; --            ; --          ; --         ;
; IP_TOOL_VERSION                     ; 13.0                           ; --            ; --          ; --         ;
; IP_TOOL_VERSION                     ; 13.0                           ; --            ; --          ; --         ;
; IP_TOOL_VERSION                     ; 13.0                           ; --            ; --          ; --         ;
; MAX_CORE_JUNCTION_TEMP              ; 85                             ; --            ; --          ; --         ;
; MIN_CORE_JUNCTION_TEMP              ; 0                              ; --            ; --          ; --         ;
; MISC_FILE                           ; lpm_counter0.tdf               ; --            ; --          ; --         ;
; MISC_FILE                           ; lpm_counter0.bsf               ; --            ; --          ; --         ;
; MISC_FILE                           ; lpm_counter0.inc               ; --            ; --          ; --         ;
; MISC_FILE                           ; lpm_decode1.tdf                ; --            ; --          ; --         ;
; MISC_FILE                           ; lpm_decode1.bsf                ; --            ; --          ; --         ;
; MISC_FILE                           ; lpm_decode1.inc                ; --            ; --          ; --         ;
; MISC_FILE                           ; lpm_mux1.tdf                   ; --            ; --          ; --         ;
; MISC_FILE                           ; lpm_mux1.bsf                   ; --            ; --          ; --         ;
; MISC_FILE                           ; lpm_mux1.inc                   ; --            ; --          ; --         ;
; MISC_FILE                           ; lpm_mux2.tdf                   ; --            ; --          ; --         ;
; MISC_FILE                           ; lpm_mux2.bsf                   ; --            ; --          ; --         ;
; MISC_FILE                           ; lpm_mux2.inc                   ; --            ; --          ; --         ;
; MISC_FILE                           ; lpm_mux3.tdf                   ; --            ; --          ; --         ;
; MISC_FILE                           ; lpm_mux3.bsf                   ; --            ; --          ; --         ;
; MISC_FILE                           ; lpm_mux3.inc                   ; --            ; --          ; --         ;
; NOMINAL_CORE_SUPPLY_VOLTAGE         ; 1.2V                           ; --            ; --          ; --         ;
; PARTITION_COLOR                     ; 16764057                       ; --            ; --          ; Top        ;
; PARTITION_FITTER_PRESERVATION_LEVEL ; PLACEMENT_AND_ROUTING          ; --            ; --          ; Top        ;
; PARTITION_NETLIST_TYPE              ; SOURCE                         ; --            ; --          ; Top        ;
; PROJECT_OUTPUT_DIRECTORY            ; output_files                   ; --            ; --          ; --         ;
+-------------------------------------+--------------------------------+---------------+-------------+------------+


+-------------------------------------------------------------------------------------------------------------------------------+
; Flow Elapsed Time                                                                                                             ;
+---------------------------+--------------+-------------------------+---------------------+------------------------------------+
; Module Name               ; Elapsed Time ; Average Processors Used ; Peak Virtual Memory ; Total CPU Time (on all processors) ;
+---------------------------+--------------+-------------------------+---------------------+------------------------------------+
; Analysis & Synthesis      ; 00:00:02     ; 1.0                     ; 377 MB              ; 00:00:02                           ;
; Fitter                    ; 00:00:07     ; 1.0                     ; 550 MB              ; 00:00:07                           ;
; Assembler                 ; 00:00:01     ; 1.0                     ; 363 MB              ; 00:00:01                           ;
; TimeQuest Timing Analyzer ; 00:00:02     ; 1.0                     ; 366 MB              ; 00:00:02                           ;
; Total                     ; 00:00:12     ; --                      ; --                  ; 00:00:12                           ;
+---------------------------+--------------+-------------------------+---------------------+------------------------------------+


+----------------------------------------------------------------------------------------+
; Flow OS Summary                                                                        ;
+---------------------------+------------------+-----------+------------+----------------+
; Module Name               ; Machine Hostname ; OS Name   ; OS Version ; Processor type ;
+---------------------------+------------------+-----------+------------+----------------+
; Analysis & Synthesis      ; MHD06-19         ; Windows 7 ; 6.2        ; x86_64         ;
; Fitter                    ; MHD06-19         ; Windows 7 ; 6.2        ; x86_64         ;
; Assembler                 ; MHD06-19         ; Windows 7 ; 6.2        ; x86_64         ;
; TimeQuest Timing Analyzer ; MHD06-19         ; Windows 7 ; 6.2        ; x86_64         ;
+---------------------------+------------------+-----------+------------+----------------+


------------
; Flow Log ;
------------
quartus_map --read_settings_files=on --write_settings_files=off onur -c onur
quartus_fit --read_settings_files=off --write_settings_files=off onur -c onur
quartus_asm --read_settings_files=off --write_settings_files=off onur -c onur
quartus_sta onur -c onur



